Arguments: 
  C:\Program Files\nodejs\node.exe C:\Program Files\nodejs\node_modules\yarn\bin\yarn.js add bcrypt

PATH: 
  C:\Program Files\ImageMagick-7.1.0-Q16;C:\Program Files\ImageMagick-7.1.0-Q16-HDRI;C:\Program Files\Common Files\Oracle\Java\javapath;C:\ProgramData\ComposerSetup\bin;C:\Users\gopinath.jena\AppData\Roaming\nvm;C:\Program Files\nodejs;C:\Program Files\MongoDB\Server\5.0\bin;C:\Program Files\MySQL\MySQL Workbench 8.0;C:\Program Files\gs\gs9.56.1\bin;C:\xampp\php;C:\Users\gopinath.jena\AppData\Local\Microsoft\WindowsApps;C:\Users\gopinath.jena\AppData\Roaming\Composer\vendor\bin;C:\Users\gopinath.jena\AppData\Roaming\npm;C:\Users\gopinath.jena\AppData\Roaming\nvm;C:\Program Files\nodejs;"C:\Windows\system32;C:\Windows;C:\Windows\System32\wbem;";

Yarn version: 
  1.22.19

Node version: 
  14.15.0

Platform: 
  win32 x64

Trace: 
  Error: self signed certificate in certificate chain
      at TLSSocket.onConnectSecure (_tls_wrap.js:1497:34)
      at TLSSocket.emit (events.js:315:20)
      at TLSSocket._finishInit (_tls_wrap.js:932:8)
      at TLSWrap.ssl.onhandshakedone (_tls_wrap.js:706:12)

npm manifest: 
  {
    "name": "expense-management-api",
    "version": "1.0.0",
    "description": "",
    "main": "server.js",
    "scripts": {
      "test": "echo \"Error: no test specified\" && exit 1"
    },
    "author": "Gopinath Jena",
    "license": "ISC",
    "dependencies": {
      "bcrypt": "^5.1.0",
      "body-parser": "^1.20.2",
      "cors": "^2.8.5",
      "express": "^4.18.2",
      "joi": "^17.9.2",
      "jsonwebtoken": "^9.0.1",
      "mysql2": "^3.5.2",
      "node-querybuilder": "^2.1.1",
      "nodemon": "^2.0.22",
      "sequelize": "^6.32.1"
    }
  }

yarn manifest: 
  No manifest

Lockfile: 
  No lockfile
